<?xml version="1.0" encoding="UTF-8"?>
<!-- Generated by org.testng.reporters.JUnitXMLReporter -->
<testsuite ignored="0" hostname="LAPTOP-J1RFS02R" failures="0" tests="4" name="Default test" time="4.626" errors="0" timestamp="2025-12-19T08:30:39 IST">
  <testcase classname="api.testcases.UserCRUDTest" name="createUserTest" time="2.797"/>
  <testcase classname="api.testcases.UserCRUDTest" name="getUserTest" time="0.675"/>
  <testcase classname="api.testcases.UserCRUDTest" name="updateUserTest" time="0.595"/>
  <testcase classname="api.testcases.UserCRUDTest" name="deleteUserTest" time="0.51"/>
</testsuite> <!-- Default test -->
