<?xml version="1.0" encoding="UTF-8"?>
<!-- Generated by org.testng.reporters.JUnitXMLReporter -->
<testsuite ignored="0" hostname="LAPTOP-J1RFS02R" failures="0" tests="4" name="Test" time="3.31" errors="0" timestamp="2025-12-19T09:36:51 IST">
  <testcase classname="api.testcases.UserCRUDTest" name="createUserTest" time="1.89"/>
  <testcase classname="api.testcases.UserCRUDTest" name="getUserTest" time="0.534"/>
  <testcase classname="api.testcases.UserCRUDTest" name="updateUserTest" time="0.409"/>
  <testcase classname="api.testcases.UserCRUDTest" name="deleteUserTest" time="0.449"/>
</testsuite> <!-- Test -->
