<?xml version="1.0" encoding="UTF-8"?>
<testng-results ignored="0" total="4" passed="4" failed="0" skipped="0">
  <reporter-output>
  </reporter-output>
  <suite started-at="2025-12-19T09:36:48 IST" name="Suite" finished-at="2025-12-19T09:36:51 IST" duration-ms="3310">
    <groups>
    </groups>
    <test started-at="2025-12-19T09:36:48 IST" name="Test" finished-at="2025-12-19T09:36:51 IST" duration-ms="3310">
      <class name="api.testcases.UserCRUDTest">
        <test-method signature="createUserTest()[pri:1, instance:api.testcases.UserCRUDTest@3e694b3f]" started-at="2025-12-19T09:36:48 IST" name="createUserTest" finished-at="2025-12-19T09:36:50 IST" duration-ms="1890" status="PASS">
          <reporter-output>
          </reporter-output>
        </test-method> <!-- createUserTest -->
        <test-method signature="getUserTest()[pri:2, instance:api.testcases.UserCRUDTest@3e694b3f]" started-at="2025-12-19T09:36:50 IST" name="getUserTest" finished-at="2025-12-19T09:36:50 IST" duration-ms="534" status="PASS">
          <reporter-output>
          </reporter-output>
        </test-method> <!-- getUserTest -->
        <test-method signature="updateUserTest()[pri:3, instance:api.testcases.UserCRUDTest@3e694b3f]" started-at="2025-12-19T09:36:50 IST" name="updateUserTest" finished-at="2025-12-19T09:36:51 IST" duration-ms="409" status="PASS">
          <reporter-output>
          </reporter-output>
        </test-method> <!-- updateUserTest -->
        <test-method signature="deleteUserTest()[pri:4, instance:api.testcases.UserCRUDTest@3e694b3f]" started-at="2025-12-19T09:36:51 IST" name="deleteUserTest" finished-at="2025-12-19T09:36:51 IST" duration-ms="449" status="PASS">
          <reporter-output>
          </reporter-output>
        </test-method> <!-- deleteUserTest -->
      </class> <!-- api.testcases.UserCRUDTest -->
    </test> <!-- Test -->
  </suite> <!-- Suite -->
</testng-results>
