<?xml version="1.0" encoding="UTF-8"?>
<!-- Generated by org.testng.reporters.JUnitReportReporter -->
<testsuite hostname="LAPTOP-J1RFS02R" failures="0" tests="4" name="api.testcases.UserCRUDTest" time="3.282" errors="0" timestamp="2025-12-19T09:36:51 IST" skipped="0">
  <testcase classname="api.testcases.UserCRUDTest" name="createUserTest" time="1.890"/>
  <testcase classname="api.testcases.UserCRUDTest" name="getUserTest" time="0.534"/>
  <testcase classname="api.testcases.UserCRUDTest" name="updateUserTest" time="0.409"/>
  <testcase classname="api.testcases.UserCRUDTest" name="deleteUserTest" time="0.449"/>
</testsuite> <!-- api.testcases.UserCRUDTest -->
